[debug] [2022-01-10T05:58:45.150Z] ----------------------------------------------------------------------
[debug] [2022-01-10T05:58:45.151Z] Command:       /Users/shaunvanamersfoort/.nvm/versions/node/v15.9.0/bin/node /Users/shaunvanamersfoort/.nvm/versions/node/v15.9.0/bin/firebase functions:shell
[debug] [2022-01-10T05:58:45.152Z] CLI Version:   9.23.3
[debug] [2022-01-10T05:58:45.152Z] Platform:      darwin
[debug] [2022-01-10T05:58:45.152Z] Node Version:  v15.9.0
[debug] [2022-01-10T05:58:45.155Z] Time:          Mon Jan 10 2022 16:58:45 GMT+1100 (Australian Eastern Daylight Time)
[debug] [2022-01-10T05:58:45.155Z] ----------------------------------------------------------------------
[debug] 
[debug] [2022-01-10T05:58:45.206Z] > command requires scopes: ["email","openid","https://www.googleapis.com/auth/cloudplatformprojects.readonly","https://www.googleapis.com/auth/firebase","https://www.googleapis.com/auth/cloud-platform"]
[debug] [2022-01-10T05:58:45.206Z] > authorizing via signed-in user (shaunvan@live.com.au)
[debug] [2022-01-10T05:58:45.206Z] [iam] checking project project-4d532 for permissions ["firebase.projects.get"]
[debug] [2022-01-10T05:58:45.208Z] > refreshing access token with scopes: ["email","https://www.googleapis.com/auth/cloud-platform","https://www.googleapis.com/auth/cloudplatformprojects.readonly","https://www.googleapis.com/auth/firebase","openid"]
[debug] [2022-01-10T05:58:45.208Z] >>> HTTP REQUEST POST https://www.googleapis.com/oauth2/v3/token  
 <request body omitted>
[debug] [2022-01-10T05:58:45.481Z] <<< HTTP RESPONSE 200 {"cache-control":"no-cache, no-store, max-age=0, must-revalidate","pragma":"no-cache","expires":"Mon, 01 Jan 1990 00:00:00 GMT","date":"Mon, 10 Jan 2022 05:58:45 GMT","content-type":"application/json; charset=utf-8","vary":"X-Origin, Referer, Origin,Accept-Encoding","server":"scaffolding on HTTPServer2","x-xss-protection":"0","x-frame-options":"SAMEORIGIN","x-content-type-options":"nosniff","alt-svc":"h3=\":443\"; ma=2592000,h3-29=\":443\"; ma=2592000,h3-Q050=\":443\"; ma=2592000,h3-Q046=\":443\"; ma=2592000,h3-Q043=\":443\"; ma=2592000,quic=\":443\"; ma=2592000; v=\"46,43\"","accept-ranges":"none","transfer-encoding":"chunked"}
[debug] [2022-01-10T05:58:45.530Z] >>> HTTP REQUEST POST https://cloudresourcemanager.googleapis.com/v1/projects/project-4d532:testIamPermissions  
 {"permissions":["firebase.projects.get"]}
[debug] [2022-01-10T05:58:46.678Z] <<< HTTP RESPONSE 200 {"content-type":"application/json; charset=UTF-8","vary":"X-Origin, Referer, Origin,Accept-Encoding","date":"Mon, 10 Jan 2022 05:58:46 GMT","server":"ESF","cache-control":"private","x-xss-protection":"0","x-frame-options":"SAMEORIGIN","x-content-type-options":"nosniff","server-timing":"gfet4t7; dur=917","alt-svc":"h3=\":443\"; ma=2592000,h3-29=\":443\"; ma=2592000,h3-Q050=\":443\"; ma=2592000,h3-Q046=\":443\"; ma=2592000,h3-Q043=\":443\"; ma=2592000,quic=\":443\"; ma=2592000; v=\"46,43\"","accept-ranges":"none","transfer-encoding":"chunked"}
[debug] [2022-01-10T05:58:46.681Z] >>> HTTP REQUEST GET http://localhost:4400/emulators  
 
[debug] [2022-01-10T05:58:46.913Z] Error: connect ECONNREFUSED 127.0.0.1:4400
    at TCPConnectWrap.afterConnect [as oncomplete] (node:net:1137:16)
[error] 
[error] Error: Server Error. connect ECONNREFUSED 127.0.0.1:4400
